<?xml version="1.0" encoding="UTF-8"?>
<!-- Generated by org.testng.reporters.JUnitXMLReporter -->
<testsuite ignored="1" hostname="DESKTOP-DM7HA6N" failures="0" tests="3" name="Test" time="34.374" errors="0" timestamp="2023-08-28T12:08:31 IST">
  <testcase classname="com.tests.HomeTest" name="verifyHomeTitleTest" time="3.716"/>
  <testcase classname="com.tests.LoginTest" name="verifyLoginTest" time="7.067"/>
  <testcase classname="com.tests.HomeTest" name="verifyNewCustomerTest" time="7.84"/>
  <testcase classname="com.tests.BaseTest" name="@BeforeSuite suiteMethod" time="0.0">
    <ignored/>
  </testcase> <!-- @BeforeSuite suiteMethod -->
</testsuite> <!-- Test -->
