<?xml version="1.0" encoding="UTF-8"?>
<!-- Generated by org.testng.reporters.JUnitXMLReporter -->
<testsuite ignored="1" hostname="DESKTOP-DM7HA6N" failures="0" tests="3" name="Test" time="33.171" errors="0" timestamp="2023-08-29T18:45:19 IST">
  <testcase classname="com.tests.HomeTest" name="verifyHomeTitleTest" time="3.398"/>
  <testcase classname="com.tests.LoginTest" name="verifyLoginTest" time="3.951"/>
  <testcase classname="com.tests.HomeTest" name="verifyNewCustomerTest" time="7.998"/>
  <testcase classname="com.tests.BaseTest" name="@BeforeSuite suiteMethod" time="0.0">
    <ignored/>
  </testcase> <!-- @BeforeSuite suiteMethod -->
</testsuite> <!-- Test -->
