<?xml version="1.0" encoding="UTF-8"?>
<testng-results ignored="1" total="4" passed="3" failed="0" skipped="0">
  <reporter-output>
  </reporter-output>
  <suite started-at="2023-08-29T18:44:46 IST" name="Suite" finished-at="2023-08-29T18:45:19 IST" duration-ms="33171">
    <groups>
    </groups>
    <test started-at="2023-08-29T18:44:46 IST" name="Test" finished-at="2023-08-29T18:45:19 IST" duration-ms="33171">
      <class name="com.tests.HomeTest">
        <test-method is-config="true" signature="tearUp()[pri:0, instance:com.tests.HomeTest@31fa1761]" started-at="2023-08-29T18:44:46 IST" name="tearUp" finished-at="2023-08-29T18:44:58 IST" duration-ms="11708" status="PASS">
          <reporter-output>
          </reporter-output>
        </test-method> <!-- tearUp -->
        <test-method signature="verifyHomeTitleTest()[pri:0, instance:com.tests.HomeTest@31fa1761]" started-at="2023-08-29T18:44:58 IST" name="verifyHomeTitleTest" description="Verifying Home page title" finished-at="2023-08-29T18:45:01 IST" duration-ms="3398" status="PASS">
          <reporter-output>
          </reporter-output>
        </test-method> <!-- verifyHomeTitleTest -->
        <test-method is-config="true" signature="tearDown()[pri:0, instance:com.tests.HomeTest@31fa1761]" started-at="2023-08-29T18:45:02 IST" name="tearDown" finished-at="2023-08-29T18:45:03 IST" duration-ms="1289" status="PASS">
          <reporter-output>
          </reporter-output>
        </test-method> <!-- tearDown -->
        <test-method is-config="true" signature="tearUp()[pri:0, instance:com.tests.HomeTest@31fa1761]" started-at="2023-08-29T18:45:03 IST" name="tearUp" finished-at="2023-08-29T18:45:10 IST" duration-ms="7325" status="PASS">
          <reporter-output>
          </reporter-output>
        </test-method> <!-- tearUp -->
        <test-method signature="verifyNewCustomerTest()[pri:0, instance:com.tests.HomeTest@31fa1761]" started-at="2023-08-29T18:45:10 IST" name="verifyNewCustomerTest" description="Verifying Customer added" finished-at="2023-08-29T18:45:18 IST" duration-ms="7998" status="PASS">
          <reporter-output>
          </reporter-output>
        </test-method> <!-- verifyNewCustomerTest -->
        <test-method is-config="true" signature="tearDown()[pri:0, instance:com.tests.HomeTest@31fa1761]" started-at="2023-08-29T18:45:18 IST" name="tearDown" finished-at="2023-08-29T18:45:19 IST" duration-ms="434" status="PASS">
          <reporter-output>
          </reporter-output>
        </test-method> <!-- tearDown -->
      </class> <!-- com.tests.HomeTest -->
      <class name="com.tests.LoginTest">
        <test-method is-config="true" signature="suiteMethod()[pri:0, instance:com.tests.LoginTest@f0da945]" started-at="2023-08-29T18:44:46 IST" name="suiteMethod" finished-at="2023-08-29T18:44:46 IST" duration-ms="10" status="PASS">
          <reporter-output>
          </reporter-output>
        </test-method> <!-- suiteMethod -->
        <test-method is-config="true" signature="tearUp()[pri:0, instance:com.tests.LoginTest@f0da945]" started-at="2023-08-29T18:44:46 IST" name="tearUp" finished-at="2023-08-29T18:44:57 IST" duration-ms="11281" status="PASS">
          <reporter-output>
          </reporter-output>
        </test-method> <!-- tearUp -->
        <test-method signature="verifyLoginTest()[pri:0, instance:com.tests.LoginTest@f0da945]" started-at="2023-08-29T18:44:57 IST" name="verifyLoginTest" description="Verifying login test" finished-at="2023-08-29T18:45:01 IST" duration-ms="3951" status="PASS">
          <reporter-output>
          </reporter-output>
        </test-method> <!-- verifyLoginTest -->
        <test-method is-config="true" signature="tearDown()[pri:0, instance:com.tests.LoginTest@f0da945]" started-at="2023-08-29T18:45:02 IST" name="tearDown" finished-at="2023-08-29T18:45:03 IST" duration-ms="913" status="PASS">
          <reporter-output>
          </reporter-output>
        </test-method> <!-- tearDown -->
      </class> <!-- com.tests.LoginTest -->
    </test> <!-- Test -->
  </suite> <!-- Suite -->
</testng-results>
