<?xml version="1.0" encoding="UTF-8"?>
<testng-results ignored="1" total="4" passed="3" failed="0" skipped="0">
  <reporter-output>
  </reporter-output>
  <suite started-at="2023-08-28T12:07:56 IST" name="Suite" finished-at="2023-08-28T12:08:30 IST" duration-ms="34374">
    <groups>
    </groups>
    <test started-at="2023-08-28T12:07:56 IST" name="Test" finished-at="2023-08-28T12:08:30 IST" duration-ms="34374">
      <class name="com.tests.HomeTest">
        <test-method is-config="true" signature="tearUp()[pri:0, instance:com.tests.HomeTest@2805d709]" started-at="2023-08-28T12:07:56 IST" name="tearUp" finished-at="2023-08-28T12:08:08 IST" duration-ms="11465" status="PASS">
          <reporter-output>
          </reporter-output>
        </test-method> <!-- tearUp -->
        <test-method signature="verifyHomeTitleTest()[pri:0, instance:com.tests.HomeTest@2805d709]" started-at="2023-08-28T12:08:08 IST" name="verifyHomeTitleTest" description="Verifying Home page title" finished-at="2023-08-28T12:08:12 IST" duration-ms="3716" status="PASS">
          <reporter-output>
          </reporter-output>
        </test-method> <!-- verifyHomeTitleTest -->
        <test-method is-config="true" signature="tearDown()[pri:0, instance:com.tests.HomeTest@2805d709]" started-at="2023-08-28T12:08:12 IST" name="tearDown" finished-at="2023-08-28T12:08:12 IST" duration-ms="339" status="PASS">
          <reporter-output>
          </reporter-output>
        </test-method> <!-- tearDown -->
        <test-method is-config="true" signature="tearUp()[pri:0, instance:com.tests.HomeTest@2805d709]" started-at="2023-08-28T12:08:12 IST" name="tearUp" finished-at="2023-08-28T12:08:22 IST" duration-ms="9877" status="PASS">
          <reporter-output>
          </reporter-output>
        </test-method> <!-- tearUp -->
        <test-method signature="verifyNewCustomerTest()[pri:0, instance:com.tests.HomeTest@2805d709]" started-at="2023-08-28T12:08:22 IST" name="verifyNewCustomerTest" description="Verifying Customer added" finished-at="2023-08-28T12:08:30 IST" duration-ms="7840" status="PASS">
          <reporter-output>
          </reporter-output>
        </test-method> <!-- verifyNewCustomerTest -->
        <test-method is-config="true" signature="tearDown()[pri:0, instance:com.tests.HomeTest@2805d709]" started-at="2023-08-28T12:08:30 IST" name="tearDown" finished-at="2023-08-28T12:08:30 IST" duration-ms="396" status="PASS">
          <reporter-output>
          </reporter-output>
        </test-method> <!-- tearDown -->
      </class> <!-- com.tests.HomeTest -->
      <class name="com.tests.LoginTest">
        <test-method is-config="true" signature="suiteMethod()[pri:0, instance:com.tests.LoginTest@54bff557]" started-at="2023-08-28T12:07:56 IST" name="suiteMethod" finished-at="2023-08-28T12:07:56 IST" duration-ms="7" status="PASS">
          <reporter-output>
          </reporter-output>
        </test-method> <!-- suiteMethod -->
        <test-method is-config="true" signature="tearUp()[pri:0, instance:com.tests.LoginTest@54bff557]" started-at="2023-08-28T12:07:56 IST" name="tearUp" finished-at="2023-08-28T12:08:09 IST" duration-ms="12979" status="PASS">
          <reporter-output>
          </reporter-output>
        </test-method> <!-- tearUp -->
        <test-method signature="verifyLoginTest()[pri:0, instance:com.tests.LoginTest@54bff557]" started-at="2023-08-28T12:08:09 IST" name="verifyLoginTest" description="Verifying login test" finished-at="2023-08-28T12:08:17 IST" duration-ms="7067" status="PASS">
          <reporter-output>
          </reporter-output>
        </test-method> <!-- verifyLoginTest -->
        <test-method is-config="true" signature="tearDown()[pri:0, instance:com.tests.LoginTest@54bff557]" started-at="2023-08-28T12:08:17 IST" name="tearDown" finished-at="2023-08-28T12:08:17 IST" duration-ms="382" status="PASS">
          <reporter-output>
          </reporter-output>
        </test-method> <!-- tearDown -->
      </class> <!-- com.tests.LoginTest -->
    </test> <!-- Test -->
  </suite> <!-- Suite -->
</testng-results>
